//-------------------------- 2/23/2011 -- 16:11:05 -----
Processor Init:
   Intel (unknown, Pentium Pro/II/III family), ~1.73 Ghz
     (timed at roughly 1.74 Ghz)
   FPU detected
   MMX detected
   SSE detected
 
Math Init:
   Installing Standard C extensions
   Installing Assembly extensions
   Installing FPU extensions
   Installing MMX extensions
   Installing SSE extensions
 
Input Init:
   DirectInput enabled.

Initializing chunk mappings...
   o 'TEXT' maps to TextChunk
   o 'SCHK' maps to UnknownChunk
   o 'SCHK' maps to SimChunk
Loading compiled script C:/Users/nic/Desktop/MyGames/cracklePop/common/main.cs.
Loading compiled script C:/Users/nic/Desktop/MyGames/cracklePop/game/main.cs.
 % - Initializing Common
Loading compiled script C:/Users/nic/Desktop/MyGames/cracklePop/common/preferences/defaultPrefs.cs.
Reading Display Device information...
   Primary Display Device Found:
      Vendor Id: VEN_0000
      Device Id: DEV_0000

Using OpenGL rendering. Fullscreen: 0

Loading compiled script C:/Users/nic/Desktop/MyGames/cracklePop/common/gameScripts/xml.cs.
Loading compiled script C:/Users/nic/Desktop/MyGames/cracklePop/common/gameScripts/properties.cs.
Loading compiled script C:/Users/nic/Desktop/MyGames/cracklePop/common/gameScripts/common.cs.
Loading compiled script C:/Users/nic/Desktop/MyGames/cracklePop/common/gameScripts/audio.cs.
Loading compiled script C:/Users/nic/Desktop/MyGames/cracklePop/common/gameScripts/canvas.cs.
Loading compiled script C:/Users/nic/Desktop/MyGames/cracklePop/common/gameScripts/cursor.cs.
Binding server port to default IP
UDP initialized on port 0
Video Init:
   Accelerated OpenGL display device detected.
   Accelerated D3D device detected.
   Voodoo 2 display device not detected.

Activating the OpenGL display device...
Activating the OpenGL display device...
Setting screen mode to 320x320x32 (w)...
Creating a new window...
Acquiring a new device context...
Pixel format set:
  32 color bits, 24 depth bits, 8 stencil bits
Creating a new rendering context...
Making the new rendering context current...
OpenGL driver information:
  Vendor: NVIDIA Corporation
  Renderer: GeForce GT 425M/PCI/SSE2
  Version: 4.0.0
OpenGL Init: Enabled Extensions
  ARB_multitexture (Max Texture Units: 4)
  EXT_blend_color
  EXT_blend_minmax
  EXT_compiled_vertex_array
  NV_vertex_array_range
  EXT_texture_env_combine
  EXT_packed_pixels
  EXT_fog_coord
  ARB_texture_compression
  EXT_texture_compression_s3tc
  (ARB|EXT)_texture_env_add
  EXT_texture_filter_anisotropic (Max anisotropy: 16)
  WGL_EXT_swap_control
OpenGL Init: Disabled Extensions
  EXT_paletted_texture
  3DFX_texture_compression_FXT1

Max Texture Size reported as: 16384
Setting screen mode to 800x600x32 (w)...
OpenAL Driver Init:
   Vendor: Creative Labs Inc.
   Version: OpenAL 1.0
   Renderer: Software
   Extensions: EAX 2.0, EAX 3.0, EAX Unified, and EAX-AC3

Loading compiled script C:/Users/nic/Desktop/MyGames/cracklePop/common/gui/profiles.cs.
Loading compiled script C:/Users/nic/Desktop/MyGames/cracklePop/common/gui/cursors.cs.
Loading compiled script C:/Users/nic/Desktop/MyGames/cracklePop/common/gui/messageBoxOk.gui.
Loading compiled script C:/Users/nic/Desktop/MyGames/cracklePop/common/gui/messageBoxYesNo.gui.
Loading compiled script C:/Users/nic/Desktop/MyGames/cracklePop/common/gui/messageBoxYesNoCancel.gui.
Loading compiled script C:/Users/nic/Desktop/MyGames/cracklePop/common/gui/messageBoxOKCancel.gui.
Loading compiled script C:/Users/nic/Desktop/MyGames/cracklePop/common/gui/messageBoxOKCancelDetailsDlg.gui.
Loading compiled script C:/Users/nic/Desktop/MyGames/cracklePop/common/gui/messagePopup.gui.
Loading compiled script C:/Users/nic/Desktop/MyGames/cracklePop/common/gui/options.gui.
Loading compiled script C:/Users/nic/Desktop/MyGames/cracklePop/common/gui/remap.gui.
Loading compiled script C:/Users/nic/Desktop/MyGames/cracklePop/common/gui/console.gui.
Loading compiled script C:/Users/nic/Desktop/MyGames/cracklePop/common/gui/NetworkMenu.gui.
Loading compiled script C:/Users/nic/Desktop/MyGames/cracklePop/common/gui/startServer.gui.
Loading compiled script C:/Users/nic/Desktop/MyGames/cracklePop/common/gui/joinServer.gui.
Loading compiled script C:/Users/nic/Desktop/MyGames/cracklePop/common/gui/waitingForServer.gui.
Loading compiled script C:/Users/nic/Desktop/MyGames/cracklePop/common/gui/helpDlg.gui.
Loading compiled script C:/Users/nic/Desktop/MyGames/cracklePop/common/gui/messageBox.cs.
Loading compiled script C:/Users/nic/Desktop/MyGames/cracklePop/common/gui/help.cs.
Loading compiled script C:/Users/nic/Desktop/MyGames/cracklePop/common/gui/chatGui.gui.
Loading compiled script C:/Users/nic/Desktop/MyGames/cracklePop/common/gameScripts/screenshot.cs.
Loading compiled script C:/Users/nic/Desktop/MyGames/cracklePop/common/gameScripts/metrics.cs.
Loading compiled script C:/Users/nic/Desktop/MyGames/cracklePop/common/Gui/FrameOverlayGui.gui.
Loading compiled script C:/Users/nic/Desktop/MyGames/cracklePop/common/gameScripts/scriptDoc.cs.
Loading compiled script C:/Users/nic/Desktop/MyGames/cracklePop/common/gameScripts/keybindings.cs.
Loading compiled script C:/Users/nic/Desktop/MyGames/cracklePop/common/gameScripts/options.cs.
Loading compiled script C:/Users/nic/Desktop/MyGames/cracklePop/common/gameScripts/levelManagement.cs.
Loading compiled script C:/Users/nic/Desktop/MyGames/cracklePop/common/gameScripts/projectManagement.cs.
Loading compiled script C:/Users/nic/Desktop/MyGames/cracklePop/common/gameScripts/projectResources.cs.
Loading compiled script C:/Users/nic/Desktop/MyGames/cracklePop/common/gameScripts/align.cs.
Loading compiled script C:/Users/nic/Desktop/MyGames/cracklePop/common/gameScripts/client/client.cs.
Loading compiled script C:/Users/nic/Desktop/MyGames/cracklePop/common/gameScripts/client/message.cs.
Loading compiled script C:/Users/nic/Desktop/MyGames/cracklePop/common/gameScripts/client/serverConnection.cs.
Loading compiled script C:/Users/nic/Desktop/MyGames/cracklePop/common/gameScripts/client/chatClient.cs.
Loading compiled script C:/Users/nic/Desktop/MyGames/cracklePop/common/gameScripts/server/server.cs.
Loading compiled script C:/Users/nic/Desktop/MyGames/cracklePop/common/gameScripts/server/message.cs.
Loading compiled script C:/Users/nic/Desktop/MyGames/cracklePop/common/gameScripts/server/clientConnection.cs.
Loading compiled script C:/Users/nic/Desktop/MyGames/cracklePop/common/gameScripts/server/kickban.cs.
Loading compiled script C:/Users/nic/Desktop/MyGames/cracklePop/common/gameScripts/server/chatServer.cs.

Torque Game Builder (v1.7.5) initialized...
Loading compiled script C:/Users/nic/Desktop/MyGames/cracklePop/game/managed/datablocks.cs.
Loading compiled script C:/Users/nic/Desktop/MyGames/cracklePop/game/managed/persistent.cs.
Loading compiled script C:/Users/nic/Desktop/MyGames/cracklePop/game/managed/brushes.cs.
Loading compiled script C:/Users/nic/Desktop/MyGames/cracklePop/game/gameScripts/datablocks.cs.
Compiling C:/Users/nic/Desktop/MyGames/cracklePop/game/behaviors/splashScreen.cs...
Compiling C:/Users/nic/Desktop/MyGames/cracklePop/game/behaviors/parallaxObject.cs...
Compiling C:/Users/nic/Desktop/MyGames/cracklePop/game/behaviors/mouseDraggable.cs...
Compiling C:/Users/nic/Desktop/MyGames/cracklePop/game/behaviors/fixedHealthBar.cs...
Compiling C:/Users/nic/Desktop/MyGames/cracklePop/game/behaviors/clock.cs...
Loading compiled script C:/Users/nic/Desktop/MyGames/cracklePop/game/behaviors/splashScreen.cs.
Loading compiled script C:/Users/nic/Desktop/MyGames/cracklePop/game/behaviors/parallaxObject.cs.
Loading compiled script C:/Users/nic/Desktop/MyGames/cracklePop/game/behaviors/mouseDraggable.cs.
Loading compiled script C:/Users/nic/Desktop/MyGames/cracklePop/game/behaviors/fixedHealthBar.cs.
Loading compiled script C:/Users/nic/Desktop/MyGames/cracklePop/game/behaviors/clock.cs.
Loading compiled script C:/Users/nic/Desktop/MyGames/cracklePop/game/gameScripts/guiProfiles.cs.
Loading compiled script C:/Users/nic/Desktop/MyGames/cracklePop/game/gui/mainScreen.gui.
Loading compiled script C:/Users/nic/Desktop/MyGames/cracklePop/game/gui/GUIAlert.gui.
Loading compiled script C:/Users/nic/Desktop/MyGames/cracklePop/game/gui/GUIProgress.gui.
Loading compiled script C:/Users/nic/Desktop/MyGames/cracklePop/game/gui/levelSelection.gui.
Loading compiled script C:/Users/nic/Desktop/MyGames/cracklePop/game/gameScripts/game.cs.
Loading compiled script C:/Users/nic/Desktop/MyGames/cracklePop/game/gameScripts/audioDatablocks.cs.
Loading compiled script C:/Users/nic/Desktop/MyGames/cracklePop/game/gameScripts/utility.cs.
Loading compiled script C:/Users/nic/Desktop/MyGames/cracklePop/game/gameScripts/effects.cs.
Loading compiled script C:/Users/nic/Desktop/MyGames/cracklePop/game/gameScripts/UI.cs.
Loading compiled script C:/Users/nic/Desktop/MyGames/cracklePop/game/gameScripts/server.cs.
Loading compiled script C:/Users/nic/Desktop/MyGames/cracklePop/game/gameScripts/ghosting.cs.
Loading compiled script C:/Users/nic/Desktop/MyGames/cracklePop/game/gameScripts/levelSelection.cs.
Could not locate texture: game/data/images/energyColumn.png_h
Could not locate texture: game/data/images/energyColumn.png_d
Could not locate texture: game/data/images/energyColumn.png_i
Could not locate texture: game/data/images/energyColumn.png_h
Could not locate texture: game/data/images/energyColumn.png_d
Could not locate texture: game/data/images/energyColumn.png_i
Could not locate texture: game/data/images/GUIImages/erpingamemenu_base.png_h
Could not locate texture: game/data/images/GUIImages/erpingamemenu_base.png_d
Could not locate texture: game/data/images/GUIImages/erpingamemenu_base.png_i
Could not locate texture: game/data/images/energyColumn.png_h
Could not locate texture: game/data/images/energyColumn.png_d
Could not locate texture: game/data/images/energyColumn.png_i
Could not locate texture: game/data/images/GUIImages/pieChartBlueHalf.png_h
Could not locate texture: game/data/images/GUIImages/pieChartBlueHalf.png_d
Could not locate texture: game/data/images/GUIImages/pieChartBlueHalf.png_i
Could not locate texture: game/data/images/GUIImages/erpingamemenu_base.png_h
Could not locate texture: game/data/images/GUIImages/erpingamemenu_base.png_d
Could not locate texture: game/data/images/GUIImages/erpingamemenu_base.png_i
DirectInput joystick enabled.
Loading compiled script C:/Users/nic/Desktop/MyGames/cracklePop/game/data/levels/splash.t2d.
game/data/levels/login.t2d
Loading compiled script C:/Users/nic/Desktop/MyGames/cracklePop/game/data/levels/login.t2d.
Missing file: C:/Users/nic/Desktop/MyGames/cracklePop/besttime.cs!
Loading compiled script C:/Users/nic/Desktop/MyGames/cracklePop/game/data/levels/levelSelection.t2d.
Activating DirectInput...
DirectInput joystick failed to enable!
Loading compiled script C:/Users/nic/Desktop/MyGames/cracklePop/game/data/levels/asteroid.t2d.
game/gameScripts/effects.cs (110): Unable to find object: 'sceneW' attempting to call function 'setSceneGraph'
game/gameScripts/effects.cs (111): Unable to find object: 'sceneW' attempting to call function 'setCurrentCameraPosition'
game/gameScripts/effects.cs (112): Unable to find object: 'sceneW' attempting to call function 'setCurrentCameraZoom'
game/gameScripts/effects.cs (120): Unable to find object: 'sceneW' attempting to call function 'setVisible'
game/gameScripts/effects.cs (124): Unable to find object: 'topHudWindow' attempting to call function 'setSceneGraph'
game/gameScripts/effects.cs (125): Unable to find object: 'topHudWindow' attempting to call function 'setCurrentCameraPosition'
game/gameScripts/effects.cs (126): Unable to find object: 'topHudWindow' attempting to call function 'setCurrentCameraZoom'
game/gameScripts/game.cs (109): Unknown command setRotation.
  Object pieChartFirstHalf(1455) pieChartFirstHalf -> GuiBitmapButtonCtrl -> GuiButtonCtrl -> GuiButtonBaseCtrl -> GuiControl -> SimGroup -> SimSet -> SimObject
game/gameScripts/effects.cs (33): Unable to find object: 'sceneW' attempting to call function 'setVisible'
game/gameScripts/effects.cs (33): Unable to find object: 'sceneW' attempting to call function 'setVisible'
game/gameScripts/effects.cs (8): Unable to find object: 'sceneW' attempting to call function 'setVisible'
game/gameScripts/effects.cs (33): Unable to find object: 'sceneW' attempting to call function 'setVisible'
game/gameScripts/effects.cs (33): Unable to find object: 'sceneW' attempting to call function 'setVisible'
game/gameScripts/effects.cs (33): Unable to find object: 'sceneW' attempting to call function 'setVisible'
game/gameScripts/effects.cs (33): Unable to find object: 'sceneW' attempting to call function 'setVisible'
game/gameScripts/effects.cs (33): Unable to find object: 'sceneW' attempting to call function 'setVisible'
game/gameScripts/effects.cs (33): Unable to find object: 'sceneW' attempting to call function 'setVisible'
game/gameScripts/effects.cs (33): Unable to find object: 'sceneW' attempting to call function 'setVisible'
game/gameScripts/effects.cs (33): Unable to find object: 'sceneW' attempting to call function 'setVisible'
game/gameScripts/effects.cs (33): Unable to find object: 'sceneW' attempting to call function 'setVisible'
game/gameScripts/effects.cs (33): Unable to find object: 'sceneW' attempting to call function 'setVisible'
game/gameScripts/effects.cs (33): Unable to find object: 'sceneW' attempting to call function 'setVisible'
game/gameScripts/effects.cs (33): Unable to find object: 'sceneW' attempting to call function 'setVisible'
game/gameScripts/effects.cs (33): Unable to find object: 'sceneW' attempting to call function 'setVisible'
game/gameScripts/effects.cs (33): Unable to find object: 'sceneW' attempting to call function 'setVisible'
game/gameScripts/effects.cs (33): Unable to find object: 'sceneW' attempting to call function 'setVisible'
game/gameScripts/effects.cs (33): Unable to find object: 'sceneW' attempting to call function 'setVisible'
game/gameScripts/effects.cs (33): Unable to find object: 'sceneW' attempting to call function 'setVisible'
game/gameScripts/effects.cs (33): Unable to find object: 'sceneW' attempting to call function 'setVisible'
game/gameScripts/effects.cs (33): Unable to find object: 'sceneW' attempting to call function 'setVisible'
game/gameScripts/effects.cs (33): Unable to find object: 'sceneW' attempting to call function 'setVisible'
game/gameScripts/effects.cs (33): Unable to find object: 'sceneW' attempting to call function 'setVisible'
game/gameScripts/effects.cs (33): Unable to find object: 'sceneW' attempting to call function 'setVisible'
game/gameScripts/effects.cs (33): Unable to find object: 'sceneW' attempting to call function 'setVisible'
game/gameScripts/effects.cs (33): Unable to find object: 'sceneW' attempting to call function 'setVisible'
game/gameScripts/effects.cs (33): Unable to find object: 'sceneW' attempting to call function 'setVisible'
game/gameScripts/effects.cs (33): Unable to find object: 'sceneW' attempting to call function 'setVisible'
game/gameScripts/effects.cs (33): Unable to find object: 'sceneW' attempting to call function 'setVisible'
game/gameScripts/effects.cs (33): Unable to find object: 'sceneW' attempting to call function 'setVisible'
game/gameScripts/effects.cs (33): Unable to find object: 'sceneW' attempting to call function 'setVisible'
game/gameScripts/effects.cs (33): Unable to find object: 'sceneW' attempting to call function 'setVisible'
game/gameScripts/effects.cs (33): Unable to find object: 'sceneW' attempting to call function 'setVisible'
game/gameScripts/effects.cs (33): Unable to find object: 'sceneW' attempting to call function 'setVisible'
game/gameScripts/effects.cs (33): Unable to find object: 'sceneW' attempting to call function 'setVisible'
game/gameScripts/effects.cs (33): Unable to find object: 'sceneW' attempting to call function 'setVisible'
game/gameScripts/effects.cs (33): Unable to find object: 'sceneW' attempting to call function 'setVisible'
game/gameScripts/effects.cs (33): Unable to find object: 'sceneW' attempting to call function 'setVisible'
game/gameScripts/effects.cs (33): Unable to find object: 'sceneW' attempting to call function 'setVisible'
game/gameScripts/effects.cs (33): Unable to find object: 'sceneW' attempting to call function 'setVisible'
game/gameScripts/effects.cs (33): Unable to find object: 'sceneW' attempting to call function 'setVisible'
game/gameScripts/effects.cs (33): Unable to find object: 'sceneW' attempting to call function 'setVisible'
game/gameScripts/effects.cs (33): Unable to find object: 'sceneW' attempting to call function 'setVisible'
game/gameScripts/effects.cs (33): Unable to find object: 'sceneW' attempting to call function 'setVisible'
game/gameScripts/effects.cs (33): Unable to find object: 'sceneW' attempting to call function 'setVisible'
game/gameScripts/effects.cs (33): Unable to find object: 'sceneW' attempting to call function 'setVisible'
game/gameScripts/effects.cs (33): Unable to find object: 'sceneW' attempting to call function 'setVisible'
game/gameScripts/effects.cs (33): Unable to find object: 'sceneW' attempting to call function 'setVisible'
game/gameScripts/effects.cs (33): Unable to find object: 'sceneW' attempting to call function 'setVisible'
game/gameScripts/effects.cs (33): Unable to find object: 'sceneW' attempting to call function 'setVisible'
game/gameScripts/effects.cs (33): Unable to find object: 'sceneW' attempting to call function 'setVisible'
game/gameScripts/effects.cs (33): Unable to find object: 'sceneW' attempting to call function 'setVisible'
game/gameScripts/effects.cs (33): Unable to find object: 'sceneW' attempting to call function 'setVisible'
game/gameScripts/effects.cs (33): Unable to find object: 'sceneW' attempting to call function 'setVisible'
game/gameScripts/effects.cs (33): Unable to find object: 'sceneW' attempting to call function 'setVisible'
game/gameScripts/effects.cs (33): Unable to find object: 'sceneW' attempting to call function 'setVisible'
game/gameScripts/effects.cs (33): Unable to find object: 'sceneW' attempting to call function 'setVisible'
game/gameScripts/effects.cs (33): Unable to find object: 'sceneW' attempting to call function 'setVisible'
game/gameScripts/effects.cs (33): Unable to find object: 'sceneW' attempting to call function 'setVisible'
game/gameScripts/effects.cs (33): Unable to find object: 'sceneW' attempting to call function 'setVisible'
game/gameScripts/effects.cs (33): Unable to find object: 'sceneW' attempting to call function 'setVisible'
game/gameScripts/effects.cs (33): Unable to find object: 'sceneW' attempting to call function 'setVisible'
game/gameScripts/effects.cs (33): Unable to find object: 'sceneW' attempting to call function 'setVisible'
game/gameScripts/effects.cs (33): Unable to find object: 'sceneW' attempting to call function 'setVisible'
game/gameScripts/effects.cs (33): Unable to find object: 'sceneW' attempting to call function 'setVisible'
game/gameScripts/effects.cs (33): Unable to find object: 'sceneW' attempting to call function 'setVisible'
game/gameScripts/effects.cs (33): Unable to find object: 'sceneW' attempting to call function 'setVisible'
game/gameScripts/effects.cs (33): Unable to find object: 'sceneW' attempting to call function 'setVisible'
game/gameScripts/effects.cs (33): Unable to find object: 'sceneW' attempting to call function 'setVisible'
game/gameScripts/effects.cs (33): Unable to find object: 'sceneW' attempting to call function 'setVisible'
game/gameScripts/effects.cs (33): Unable to find object: 'sceneW' attempting to call function 'setVisible'
game/gameScripts/effects.cs (33): Unable to find object: 'sceneW' attempting to call function 'setVisible'
game/gameScripts/effects.cs (33): Unable to find object: 'sceneW' attempting to call function 'setVisible'
game/gameScripts/effects.cs (33): Unable to find object: 'sceneW' attempting to call function 'setVisible'
game/gameScripts/effects.cs (33): Unable to find object: 'sceneW' attempting to call function 'setVisible'
game/gameScripts/effects.cs (33): Unable to find object: 'sceneW' attempting to call function 'setVisible'
game/gameScripts/effects.cs (33): Unable to find object: 'sceneW' attempting to call function 'setVisible'
game/gameScripts/effects.cs (33): Unable to find object: 'sceneW' attempting to call function 'setVisible'
game/gameScripts/effects.cs (33): Unable to find object: 'sceneW' attempting to call function 'setVisible'
game/gameScripts/effects.cs (33): Unable to find object: 'sceneW' attempting to call function 'setVisible'
game/gameScripts/effects.cs (33): Unable to find object: 'sceneW' attempting to call function 'setVisible'
game/gameScripts/effects.cs (33): Unable to find object: 'sceneW' attempting to call function 'setVisible'
game/gameScripts/effects.cs (33): Unable to find object: 'sceneW' attempting to call function 'setVisible'
game/gameScripts/effects.cs (33): Unable to find object: 'sceneW' attempting to call function 'setVisible'
game/gameScripts/effects.cs (33): Unable to find object: 'sceneW' attempting to call function 'setVisible'
game/gameScripts/effects.cs (33): Unable to find object: 'sceneW' attempting to call function 'setVisible'
game/gameScripts/effects.cs (33): Unable to find object: 'sceneW' attempting to call function 'setVisible'
game/gameScripts/effects.cs (33): Unable to find object: 'sceneW' attempting to call function 'setVisible'
game/gameScripts/effects.cs (33): Unable to find object: 'sceneW' attempting to call function 'setVisible'
all stars collected!
game/gameScripts/effects.cs (8): Unable to find object: 'sceneW' attempting to call function 'setVisible'
all stars collected!
game/gameScripts/effects.cs (33): Unable to find object: 'sceneW' attempting to call function 'setVisible'
game/gameScripts/effects.cs (33): Unable to find object: 'sceneW' attempting to call function 'setVisible'
game/gameScripts/effects.cs (33): Unable to find object: 'sceneW' attempting to call function 'setVisible'
game/gameScripts/effects.cs (33): Unable to find object: 'sceneW' attempting to call function 'setVisible'
game/gameScripts/effects.cs (33): Unable to find object: 'sceneW' attempting to call function 'setVisible'
game/gameScripts/effects.cs (33): Unable to find object: 'sceneW' attempting to call function 'setVisible'
game/gameScripts/effects.cs (33): Unable to find object: 'sceneW' attempting to call function 'setVisible'
game/gameScripts/effects.cs (33): Unable to find object: 'sceneW' attempting to call function 'setVisible'
game/gameScripts/effects.cs (33): Unable to find object: 'sceneW' attempting to call function 'setVisible'
game/gameScripts/effects.cs (33): Unable to find object: 'sceneW' attempting to call function 'setVisible'
game/gameScripts/effects.cs (33): Unable to find object: 'sceneW' attempting to call function 'setVisible'
game/gameScripts/effects.cs (33): Unable to find object: 'sceneW' attempting to call function 'setVisible'
game/gameScripts/effects.cs (33): Unable to find object: 'sceneW' attempting to call function 'setVisible'
game/gameScripts/effects.cs (33): Unable to find object: 'sceneW' attempting to call function 'setVisible'
game/gameScripts/effects.cs (33): Unable to find object: 'sceneW' attempting to call function 'setVisible'
game/gameScripts/effects.cs (33): Unable to find object: 'sceneW' attempting to call function 'setVisible'
game/gameScripts/effects.cs (33): Unable to find object: 'sceneW' attempting to call function 'setVisible'
game/gameScripts/effects.cs (33): Unable to find object: 'sceneW' attempting to call function 'setVisible'
game/gameScripts/effects.cs (33): Unable to find object: 'sceneW' attempting to call function 'setVisible'
game/gameScripts/effects.cs (33): Unable to find object: 'sceneW' attempting to call function 'setVisible'
game/gameScripts/effects.cs (33): Unable to find object: 'sceneW' attempting to call function 'setVisible'
game/gameScripts/effects.cs (33): Unable to find object: 'sceneW' attempting to call function 'setVisible'
game/gameScripts/effects.cs (33): Unable to find object: 'sceneW' attempting to call function 'setVisible'
game/gameScripts/effects.cs (33): Unable to find object: 'sceneW' attempting to call function 'setVisible'
game/gameScripts/effects.cs (33): Unable to find object: 'sceneW' attempting to call function 'setVisible'
game/gameScripts/effects.cs (33): Unable to find object: 'sceneW' attempting to call function 'setVisible'
game/gameScripts/effects.cs (33): Unable to find object: 'sceneW' attempting to call function 'setVisible'
game/gameScripts/effects.cs (33): Unable to find object: 'sceneW' attempting to call function 'setVisible'
game/gameScripts/effects.cs (33): Unable to find object: 'sceneW' attempting to call function 'setVisible'
game/gameScripts/effects.cs (33): Unable to find object: 'sceneW' attempting to call function 'setVisible'
game/gameScripts/effects.cs (33): Unable to find object: 'sceneW' attempting to call function 'setVisible'
game/gameScripts/effects.cs (33): Unable to find object: 'sceneW' attempting to call function 'setVisible'
game/gameScripts/effects.cs (33): Unable to find object: 'sceneW' attempting to call function 'setVisible'
game/gameScripts/effects.cs (33): Unable to find object: 'sceneW' attempting to call function 'setVisible'
you loose!
Pausing Game
DirectInput joystick failed to enable!
Loading compiled script C:/Users/nic/Desktop/MyGames/cracklePop/game/data/levels/asteroid.t2d.
game/gameScripts/effects.cs (110): Unable to find object: 'sceneW' attempting to call function 'setSceneGraph'
game/gameScripts/effects.cs (111): Unable to find object: 'sceneW' attempting to call function 'setCurrentCameraPosition'
game/gameScripts/effects.cs (112): Unable to find object: 'sceneW' attempting to call function 'setCurrentCameraZoom'
game/gameScripts/effects.cs (120): Unable to find object: 'sceneW' attempting to call function 'setVisible'
game/gameScripts/effects.cs (124): Unable to find object: 'topHudWindow' attempting to call function 'setSceneGraph'
game/gameScripts/effects.cs (125): Unable to find object: 'topHudWindow' attempting to call function 'setCurrentCameraPosition'
game/gameScripts/effects.cs (126): Unable to find object: 'topHudWindow' attempting to call function 'setCurrentCameraZoom'
game/gameScripts/game.cs (109): Unknown command setRotation.
  Object pieChartFirstHalf(1455) pieChartFirstHalf -> GuiBitmapButtonCtrl -> GuiButtonCtrl -> GuiButtonBaseCtrl -> GuiControl -> SimGroup -> SimSet -> SimObject
Resuming Game
game/gameScripts/effects.cs (33): Unable to find object: 'sceneW' attempting to call function 'setVisible'
game/gameScripts/effects.cs (33): Unable to find object: 'sceneW' attempting to call function 'setVisible'
game/gameScripts/effects.cs (33): Unable to find object: 'sceneW' attempting to call function 'setVisible'
game/gameScripts/effects.cs (33): Unable to find object: 'sceneW' attempting to call function 'setVisible'
game/gameScripts/effects.cs (33): Unable to find object: 'sceneW' attempting to call function 'setVisible'
game/gameScripts/effects.cs (33): Unable to find object: 'sceneW' attempting to call function 'setVisible'
game/gameScripts/effects.cs (33): Unable to find object: 'sceneW' attempting to call function 'setVisible'
game/gameScripts/effects.cs (33): Unable to find object: 'sceneW' attempting to call function 'setVisible'
game/gameScripts/effects.cs (33): Unable to find object: 'sceneW' attempting to call function 'setVisible'
game/gameScripts/effects.cs (33): Unable to find object: 'sceneW' attempting to call function 'setVisible'
game/gameScripts/effects.cs (33): Unable to find object: 'sceneW' attempting to call function 'setVisible'
game/gameScripts/effects.cs (33): Unable to find object: 'sceneW' attempting to call function 'setVisible'
game/gameScripts/effects.cs (33): Unable to find object: 'sceneW' attempting to call function 'setVisible'
game/gameScripts/effects.cs (33): Unable to find object: 'sceneW' attempting to call function 'setVisible'
game/gameScripts/effects.cs (33): Unable to find object: 'sceneW' attempting to call function 'setVisible'
game/gameScripts/effects.cs (33): Unable to find object: 'sceneW' attempting to call function 'setVisible'
game/gameScripts/effects.cs (33): Unable to find object: 'sceneW' attempting to call function 'setVisible'
game/gameScripts/effects.cs (33): Unable to find object: 'sceneW' attempting to call function 'setVisible'
game/gameScripts/effects.cs (33): Unable to find object: 'sceneW' attempting to call function 'setVisible'
game/gameScripts/effects.cs (33): Unable to find object: 'sceneW' attempting to call function 'setVisible'
game/gameScripts/effects.cs (33): Unable to find object: 'sceneW' attempting to call function 'setVisible'
game/gameScripts/effects.cs (33): Unable to find object: 'sceneW' attempting to call function 'setVisible'
game/gameScripts/effects.cs (33): Unable to find object: 'sceneW' attempting to call function 'setVisible'
game/gameScripts/effects.cs (33): Unable to find object: 'sceneW' attempting to call function 'setVisible'
game/gameScripts/effects.cs (33): Unable to find object: 'sceneW' attempting to call function 'setVisible'
game/gameScripts/effects.cs (33): Unable to find object: 'sceneW' attempting to call function 'setVisible'
game/gameScripts/effects.cs (33): Unable to find object: 'sceneW' attempting to call function 'setVisible'
game/gameScripts/effects.cs (33): Unable to find object: 'sceneW' attempting to call function 'setVisible'
game/gameScripts/effects.cs (33): Unable to find object: 'sceneW' attempting to call function 'setVisible'
game/gameScripts/effects.cs (33): Unable to find object: 'sceneW' attempting to call function 'setVisible'
game/gameScripts/effects.cs (33): Unable to find object: 'sceneW' attempting to call function 'setVisible'
game/gameScripts/effects.cs (33): Unable to find object: 'sceneW' attempting to call function 'setVisible'
game/gameScripts/effects.cs (33): Unable to find object: 'sceneW' attempting to call function 'setVisible'
game/gameScripts/effects.cs (33): Unable to find object: 'sceneW' attempting to call function 'setVisible'
game/gameScripts/effects.cs (33): Unable to find object: 'sceneW' attempting to call function 'setVisible'
game/gameScripts/effects.cs (33): Unable to find object: 'sceneW' attempting to call function 'setVisible'
game/gameScripts/effects.cs (33): Unable to find object: 'sceneW' attempting to call function 'setVisible'
game/gameScripts/effects.cs (33): Unable to find object: 'sceneW' attempting to call function 'setVisible'
game/gameScripts/effects.cs (33): Unable to find object: 'sceneW' attempting to call function 'setVisible'
game/gameScripts/effects.cs (33): Unable to find object: 'sceneW' attempting to call function 'setVisible'
game/gameScripts/effects.cs (33): Unable to find object: 'sceneW' attempting to call function 'setVisible'
game/gameScripts/effects.cs (33): Unable to find object: 'sceneW' attempting to call function 'setVisible'
game/gameScripts/effects.cs (33): Unable to find object: 'sceneW' attempting to call function 'setVisible'
game/gameScripts/effects.cs (33): Unable to find object: 'sceneW' attempting to call function 'setVisible'
game/gameScripts/effects.cs (33): Unable to find object: 'sceneW' attempting to call function 'setVisible'
game/gameScripts/effects.cs (33): Unable to find object: 'sceneW' attempting to call function 'setVisible'
game/gameScripts/effects.cs (33): Unable to find object: 'sceneW' attempting to call function 'setVisible'
game/gameScripts/effects.cs (33): Unable to find object: 'sceneW' attempting to call function 'setVisible'
game/gameScripts/effects.cs (33): Unable to find object: 'sceneW' attempting to call function 'setVisible'
game/gameScripts/effects.cs (33): Unable to find object: 'sceneW' attempting to call function 'setVisible'
game/gameScripts/effects.cs (33): Unable to find object: 'sceneW' attempting to call function 'setVisible'
game/gameScripts/effects.cs (33): Unable to find object: 'sceneW' attempting to call function 'setVisible'
game/gameScripts/effects.cs (33): Unable to find object: 'sceneW' attempting to call function 'setVisible'
game/gameScripts/effects.cs (33): Unable to find object: 'sceneW' attempting to call function 'setVisible'
game/gameScripts/effects.cs (33): Unable to find object: 'sceneW' attempting to call function 'setVisible'
game/gameScripts/effects.cs (33): Unable to find object: 'sceneW' attempting to call function 'setVisible'
game/gameScripts/effects.cs (33): Unable to find object: 'sceneW' attempting to call function 'setVisible'
DirectInput deactivated.
Shutting down the OpenGL display device...
Making the GL rendering context not current...
Deleting the GL rendering context...
Releasing the device context...
